2023.10.13 16:36:29: Added Thomas Anderson Teacher
2023.10.13 16:36:29: Added Han Solo Teacher
2023.10.13 16:36:29: Added Princess Leia Teacher
2023.10.13 16:36:29: Added Severus Snape Teacher
2023.10.13 16:36:29: Added Dolores Umbridge Teacher
2023.10.13 16:36:29: Added Peter Pan Student to class class 1A, profile humane
2023.10.13 16:36:29: Added Anna Shirley Student to class class 1A, profile humane
2023.10.13 16:36:29: Added Harry Potter Student to class class 1A, profile humane
2023.10.13 16:36:29: Added Ron Weasley Student to class class 1A, profile humane
2023.10.13 16:36:29: Added term of subject Math on MONDAY at 10:30, 45 min to subject Math
2023.10.13 16:36:29: Added term of subject Math on THURSDAY at 12:50, 45 min to subject Math
2023.10.13 16:36:29: Added subject Math to class 1A, profile humane
2023.10.13 16:36:29: Added term of subject English on MONDAY at 12:00, 45 min to subject English
2023.10.13 16:36:29: Added term of subject English on TUESDAY at 11:00, 45 min to subject English
2023.10.13 16:36:29: Added term of subject English on WEDNESDAY at 10:30, 45 min to subject English
2023.10.13 16:36:29: Added term of subject English on THURSDAY at 11:00, 45 min to subject English
2023.10.13 16:36:29: Added subject English to class 1A, profile humane
2023.10.13 16:36:29: Added term of subject Computer Science on TUESDAY at 09:00, 45 min to subject Computer Science
2023.10.13 16:36:29: Added subject Computer Science to class 1A, profile humane
2023.10.13 16:36:29: Added term of subject Chemistry on WEDNESDAY at 11:30, 45 min to subject Chemistry
2023.10.13 16:36:29: Added subject Chemistry to class 1A, profile humane
2023.10.13 16:36:29: Added term of subject Potions on FRIDAY at 09:00, 90 min to subject Potions
2023.10.13 16:36:29: Added subject Potions to class 1A, profile humane
2023.10.13 16:36:29: Added term of subject Black Magic Defense on FRIDAY at 12:30, 90 min to subject Black Magic Defense
2023.10.13 16:36:29: Added subject Black Magic Defense to class 1A, profile humane
2023.10.13 16:36:29: Added class 1A, profile humane
2023.10.18 17:14:41: Added Thomas Anderson Teacher
2023.10.18 17:14:41: Added Han Solo Teacher
2023.10.18 17:14:41: Added Princess Leia Teacher
2023.10.18 17:14:41: Added Severus Snape Teacher
2023.10.18 17:14:41: Added Dolores Umbridge Teacher
2023.10.18 17:14:41: Added Peter Pan Student to class class 1A, profile humane
2023.10.18 17:14:41: Added Anna Shirley Student to class class 1A, profile humane
2023.10.18 17:14:41: Added Harry Potter Student to class class 1A, profile humane
2023.10.18 17:14:41: Added Ron Weasley Student to class class 1A, profile humane
2023.10.18 17:14:41: Added term of subject Math on MONDAY at 10:30, 45 min to subject Math
2023.10.18 17:14:41: Added term of subject Math on THURSDAY at 12:50, 45 min to subject Math
2023.10.18 17:14:41: Added subject Math to class 1A, profile humane
2023.10.18 17:14:41: Added term of subject English on MONDAY at 12:00, 45 min to subject English
2023.10.18 17:14:41: Added term of subject English on TUESDAY at 11:00, 45 min to subject English
2023.10.18 17:14:41: Added term of subject English on WEDNESDAY at 10:30, 45 min to subject English
2023.10.18 17:14:41: Added term of subject English on THURSDAY at 11:00, 45 min to subject English
2023.10.18 17:14:41: Added subject English to class 1A, profile humane
2023.10.18 17:14:41: Added term of subject Computer Science on TUESDAY at 09:00, 45 min to subject Computer Science
2023.10.18 17:14:41: Added subject Computer Science to class 1A, profile humane
2023.10.18 17:14:41: Added term of subject Chemistry on WEDNESDAY at 11:30, 45 min to subject Chemistry
2023.10.18 17:14:41: Added subject Chemistry to class 1A, profile humane
2023.10.18 17:14:41: Added term of subject Potions on FRIDAY at 09:00, 90 min to subject Potions
2023.10.18 17:14:41: Added subject Potions to class 1A, profile humane
2023.10.18 17:14:41: Added term of subject Black Magic Defense on FRIDAY at 12:30, 90 min to subject Black Magic Defense
2023.10.18 17:14:41: Added subject Black Magic Defense to class 1A, profile humane
2023.10.18 17:14:41: Added class 1A, profile humane
